{'category': ['init'], 'isAtomic': ['true'], 'name': ['init'], 'parameters': [''], 'class': ['CALayer'], 'parameters_num': ['0'], 'id': ['7ac093f1-e569-4897-b1cb-28d720848f6a']}
{'category': ['init'], 'isAtomic': ['true'], 'name': ['init'], 'parameters': ['layer: Any'], 'parameters-0': ['layer', '_', 'Any', ['false'], '_', '_'], 'class': ['CALayer'], 'parameters_num': ['1'], 'id': ['98c7eb94-4fe6-48f7-ab07-74f3b422ba30']}
{'category': ['instance method'], 'isAtomic': ['true'], 'return': ['Self?'], 'name': ['presentation'], 'isOpen': ['true'], 'id': ['e3b40a85-3d42-40ea-8146-b5798df08867'], 'parameters_num': ['0'], 'parameters': [''], 'class': ['CALayer']}
{'category': ['instance method'], 'isAtomic': ['true'], 'return': ['Self'], 'name': ['model'], 'isOpen': ['true'], 'id': ['584129d1-6c20-42ad-a058-252da67e0b8b'], 'parameters_num': ['0'], 'parameters': [''], 'class': ['CALayer']}
{'category': ['type method'], 'isAtomic': ['true'], 'return': ['Any?'], 'name': ['defaultValue'], 'isOpen': ['true'], 'parameters-0': ['forKey', 'key', 'String', ['false'], '_', '_'], 'id': ['171bdef3-e48f-4f30-b6bd-c98fa390ad92'], 'parameters_num': ['1'], 'parameters': ['forKey key: String'], 'class': ['CALayer']}
{'category': ['type method'], 'isAtomic': ['true'], 'return': ['Bool'], 'name': ['needsDisplay'], 'isOpen': ['true'], 'parameters-0': ['forKey', 'key', 'String', ['false'], '_', '_'], 'id': ['2478b508-3172-490a-81eb-1dc8f6860a7f'], 'parameters_num': ['1'], 'parameters': ['forKey key: String'], 'class': ['CALayer']}
{'category': ['instance method'], 'isAtomic': ['true'], 'return': ['Bool'], 'name': ['shouldArchiveValue'], 'isOpen': ['true'], 'parameters-0': ['forKey', 'key', 'String', ['false'], '_', '_'], 'id': ['8ba4c1a1-213a-4053-a301-3e61d623039d'], 'parameters_num': ['1'], 'parameters': ['forKey key: String'], 'class': ['CALayer']}
{'category': ['instance property'], 'set': ['true'], 'name': ['bounds'], 'isOpen': ['true'], 'class': ['CALayer'], 'isAtomic': ['true'], 'type': ['CGRect'], 'id': ['242570c7-08c9-4c07-8992-9db7ac1351ed']}
{'category': ['instance property'], 'set': ['true'], 'name': ['position'], 'isOpen': ['true'], 'class': ['CALayer'], 'isAtomic': ['true'], 'type': ['CGPoint'], 'id': ['9f2d0a3f-1024-46f3-97f1-a6fb806de6c7']}
{'category': ['instance property'], 'set': ['true'], 'name': ['zPosition'], 'isOpen': ['true'], 'class': ['CALayer'], 'isAtomic': ['true'], 'type': ['CGFloat'], 'id': ['168c6a37-53a2-476f-821d-eda73bd9d085']}
{'category': ['instance property'], 'set': ['true'], 'name': ['anchorPoint'], 'isOpen': ['true'], 'class': ['CALayer'], 'isAtomic': ['true'], 'type': ['CGPoint'], 'id': ['ac28673f-5c63-49cd-99d9-9f710d8800c2']}
{'category': ['instance property'], 'set': ['true'], 'name': ['anchorPointZ'], 'isOpen': ['true'], 'class': ['CALayer'], 'isAtomic': ['true'], 'type': ['CGFloat'], 'id': ['13711c87-49bc-4723-a888-18d0a2c7b598']}
{'category': ['instance property'], 'set': ['true'], 'name': ['transform'], 'isOpen': ['true'], 'class': ['CALayer'], 'isAtomic': ['true'], 'type': ['CATransform3D'], 'id': ['6c7ae0a8-142f-4e50-a227-34e13fde7be3']}
{'category': ['instance method'], 'isAtomic': ['true'], 'return': ['CGAffineTransform'], 'name': ['affineTransform'], 'isOpen': ['true'], 'id': ['915f1512-635b-42b6-bc62-068ea7893787'], 'parameters_num': ['0'], 'parameters': [''], 'class': ['CALayer']}
{'category': ['instance method'], 'isAtomic': ['true'], 'return': ['void'], 'name': ['setAffineTransform'], 'isOpen': ['true'], 'parameters-0': ['_', 'm', 'CGAffineTransform', ['false'], '_', '_'], 'id': ['e16ea410-232b-43e5-872f-d6f2e731a2ee'], 'parameters_num': ['1'], 'parameters': ['_ m: CGAffineTransform'], 'class': ['CALayer']}
{'category': ['instance property'], 'set': ['true'], 'name': ['frame'], 'isOpen': ['true'], 'class': ['CALayer'], 'isAtomic': ['true'], 'type': ['CGRect'], 'id': ['8282418e-0439-4ae6-8029-cf93480a5e19']}
{'category': ['instance property'], 'set': ['true'], 'name': ['isHidden'], 'isOpen': ['true'], 'class': ['CALayer'], 'isAtomic': ['true'], 'type': ['Bool'], 'id': ['b7e4224f-635e-4937-a3b8-4a0f4a8f6ebc']}
{'category': ['instance property'], 'set': ['true'], 'name': ['isDoubleSided'], 'isOpen': ['true'], 'class': ['CALayer'], 'isAtomic': ['true'], 'type': ['Bool'], 'id': ['801b5c2d-e9f3-4727-8ab2-aba27151d30b']}
{'category': ['instance property'], 'set': ['true'], 'name': ['isGeometryFlipped'], 'isOpen': ['true'], 'class': ['CALayer'], 'isAtomic': ['true'], 'type': ['Bool'], 'id': ['e830e5f4-3f81-4f0d-93b0-f551e0515069']}
{'category': ['instance method'], 'isAtomic': ['true'], 'return': ['Bool'], 'name': ['contentsAreFlipped'], 'isOpen': ['true'], 'id': ['1883c31c-3414-4271-bc14-98366f6ecf91'], 'parameters_num': ['0'], 'parameters': [''], 'class': ['CALayer']}
{'category': ['instance property'], 'set': ['false'], 'name': ['superlayer'], 'isOpen': ['true'], 'class': ['CALayer'], 'isAtomic': ['true'], 'type': ['CALayer?'], 'id': ['1a234137-6766-499b-be54-e9d3c7468ef3']}
{'category': ['instance method'], 'isAtomic': ['true'], 'return': ['void'], 'name': ['removeFromSuperlayer'], 'isOpen': ['true'], 'id': ['5ceebb9f-17dc-49fa-8a6b-7de7dec70ce8'], 'parameters_num': ['0'], 'parameters': [''], 'class': ['CALayer']}
{'category': ['instance property'], 'set': ['true'], 'name': ['sublayers'], 'isOpen': ['true'], 'class': ['CALayer'], 'isAtomic': ['true'], 'type': ['[CALayer]?'], 'id': ['b446283d-142b-4032-b825-67d0704e7e91']}
{'category': ['instance method'], 'isAtomic': ['true'], 'return': ['void'], 'name': ['addSublayer'], 'isOpen': ['true'], 'parameters-0': ['_', 'layer', 'CALayer', ['false'], '_', '_'], 'id': ['41e2edae-20f6-40e7-acbd-7fe1d84fc5d1'], 'parameters_num': ['1'], 'parameters': ['_ layer: CALayer'], 'class': ['CALayer']}
{'category': ['instance method'], 'isAtomic': ['true'], 'return': ['void'], 'name': ['insertSublayer'], 'isOpen': ['true'], 'parameters-0': ['_', 'layer', 'CALayer', ['false'], '_', '_'], 'id': ['492d7071-44a6-4d67-8535-8d6aa6afac0d'], 'parameters-1': ['at', 'idx', 'UInt32', ['false'], '_', '_'], 'parameters_num': ['2'], 'parameters': ['_ layer: CALayer, at idx: UInt32'], 'class': ['CALayer']}
{'category': ['instance method'], 'isAtomic': ['true'], 'return': ['void'], 'name': ['insertSublayer'], 'isOpen': ['true'], 'parameters-0': ['_', 'layer', 'CALayer', ['false'], '_', '_'], 'id': ['3e4501eb-ac72-4c56-8c84-371727b80573'], 'parameters-1': ['below', 'sibling', 'CALayer', ['true'], '_', '_'], 'parameters_num': ['2'], 'parameters': ['_ layer: CALayer, below sibling: CALayer?'], 'class': ['CALayer']}
{'category': ['instance method'], 'isAtomic': ['true'], 'return': ['void'], 'name': ['insertSublayer'], 'isOpen': ['true'], 'parameters-0': ['_', 'layer', 'CALayer', ['false'], '_', '_'], 'id': ['4ed222d9-4b37-4a3e-8d15-6692c1fc564a'], 'parameters-1': ['above', 'sibling', 'CALayer', ['true'], '_', '_'], 'parameters_num': ['2'], 'parameters': ['_ layer: CALayer, above sibling: CALayer?'], 'class': ['CALayer']}
{'category': ['instance method'], 'isAtomic': ['true'], 'return': ['void'], 'name': ['replaceSublayer'], 'isOpen': ['true'], 'parameters-0': ['_', 'oldLayer', 'CALayer', ['false'], '_', '_'], 'id': ['018ee889-ad12-4e90-896e-44238fe1eeb0'], 'parameters-1': ['with', 'newLayer', 'CALayer', ['false'], '_', '_'], 'parameters_num': ['2'], 'parameters': ['_ oldLayer: CALayer, with newLayer: CALayer'], 'class': ['CALayer']}
{'category': ['instance property'], 'set': ['true'], 'name': ['sublayerTransform'], 'isOpen': ['true'], 'class': ['CALayer'], 'isAtomic': ['true'], 'type': ['CATransform3D'], 'id': ['45552bb3-0a69-4585-ab00-bea20735e0a0']}
{'category': ['instance property'], 'set': ['true'], 'name': ['mask'], 'isOpen': ['true'], 'class': ['CALayer'], 'isAtomic': ['true'], 'type': ['CALayer?'], 'id': ['6ce79047-76f5-40c7-88e5-02423719e618']}
{'category': ['instance property'], 'set': ['true'], 'name': ['masksToBounds'], 'isOpen': ['true'], 'class': ['CALayer'], 'isAtomic': ['true'], 'type': ['Bool'], 'id': ['f01781f0-314a-4092-b94a-d08e88da40b0']}
{'category': ['instance method'], 'isAtomic': ['true'], 'return': ['CGPoint'], 'name': ['convert'], 'isOpen': ['true'], 'parameters-0': ['_', 'p', 'CGPoint', ['false'], '_', '_'], 'id': ['a66a2b96-17d6-45e3-80f8-024db4ecd709'], 'parameters-1': ['from', 'l', 'CALayer', ['true'], '_', '_'], 'parameters_num': ['2'], 'parameters': ['_ p: CGPoint, from l: CALayer?'], 'class': ['CALayer']}
{'category': ['instance method'], 'isAtomic': ['true'], 'return': ['CGPoint'], 'name': ['convert'], 'isOpen': ['true'], 'parameters-0': ['_', 'p', 'CGPoint', ['false'], '_', '_'], 'id': ['10e22ca2-bfff-4d0d-b9a5-7d5c90ad74c1'], 'parameters-1': ['to', 'l', 'CALayer', ['true'], '_', '_'], 'parameters_num': ['2'], 'parameters': ['_ p: CGPoint, to l: CALayer?'], 'class': ['CALayer']}
{'category': ['instance method'], 'isAtomic': ['true'], 'return': ['CGRect'], 'name': ['convert'], 'isOpen': ['true'], 'parameters-0': ['_', 'r', 'CGRect', ['false'], '_', '_'], 'id': ['dbf6cf99-099b-466c-9d91-e018f5005773'], 'parameters-1': ['from', 'l', 'CALayer', ['true'], '_', '_'], 'parameters_num': ['2'], 'parameters': ['_ r: CGRect, from l: CALayer?'], 'class': ['CALayer']}
{'category': ['instance method'], 'isAtomic': ['true'], 'return': ['CGRect'], 'name': ['convert'], 'isOpen': ['true'], 'parameters-0': ['_', 'r', 'CGRect', ['false'], '_', '_'], 'id': ['c057004a-3b68-4577-92f7-2b65a626d975'], 'parameters-1': ['to', 'l', 'CALayer', ['true'], '_', '_'], 'parameters_num': ['2'], 'parameters': ['_ r: CGRect, to l: CALayer?'], 'class': ['CALayer']}
{'category': ['instance method'], 'isAtomic': ['true'], 'return': ['CFTimeInterval'], 'name': ['convertTime'], 'isOpen': ['true'], 'parameters-0': ['_', 't', 'CFTimeInterval', ['false'], '_', '_'], 'id': ['1175bc44-4208-4ff3-9ff0-b1c7a2ef0eb0'], 'parameters-1': ['from', 'l', 'CALayer', ['true'], '_', '_'], 'parameters_num': ['2'], 'parameters': ['_ t: CFTimeInterval, from l: CALayer?'], 'class': ['CALayer']}
{'category': ['instance method'], 'isAtomic': ['true'], 'return': ['CFTimeInterval'], 'name': ['convertTime'], 'isOpen': ['true'], 'parameters-0': ['_', 't', 'CFTimeInterval', ['false'], '_', '_'], 'id': ['438596a5-9c13-43fc-b72b-89ac54c2ae1e'], 'parameters-1': ['to', 'l', 'CALayer', ['true'], '_', '_'], 'parameters_num': ['2'], 'parameters': ['_ t: CFTimeInterval, to l: CALayer?'], 'class': ['CALayer']}
{'category': ['instance method'], 'isAtomic': ['true'], 'return': ['CALayer?'], 'name': ['hitTest'], 'isOpen': ['true'], 'parameters-0': ['_', 'p', 'CGPoint', ['false'], '_', '_'], 'id': ['c5ee25e5-2900-43f1-8547-9fe90eba42be'], 'parameters_num': ['1'], 'parameters': ['_ p: CGPoint'], 'class': ['CALayer']}
{'category': ['instance method'], 'isAtomic': ['true'], 'return': ['Bool'], 'name': ['contains'], 'isOpen': ['true'], 'parameters-0': ['_', 'p', 'CGPoint', ['false'], '_', '_'], 'id': ['9819f077-7351-4092-ad96-e9d447d9afe1'], 'parameters_num': ['1'], 'parameters': ['_ p: CGPoint'], 'class': ['CALayer']}
{'category': ['instance property'], 'set': ['true'], 'name': ['contents'], 'isOpen': ['true'], 'class': ['CALayer'], 'isAtomic': ['true'], 'type': ['Any?'], 'id': ['de9a231e-f0e5-43c4-b6ce-49a3ad402ebe']}
{'category': ['instance property'], 'set': ['true'], 'name': ['contentsRect'], 'isOpen': ['true'], 'class': ['CALayer'], 'isAtomic': ['true'], 'type': ['CGRect'], 'id': ['0ca49055-8055-42ef-8c88-5b9bf3cac32c']}
{'category': ['instance property'], 'set': ['true'], 'name': ['contentsGravity'], 'isOpen': ['true'], 'class': ['CALayer'], 'isAtomic': ['true'], 'type': ['CALayerContentsGravity'], 'id': ['a1f57ca8-849f-493d-abab-6fec10fdca83']}
{'category': ['instance property'], 'set': ['true'], 'name': ['contentsScale'], 'isOpen': ['true'], 'class': ['CALayer'], 'isAtomic': ['true'], 'type': ['CGFloat'], 'id': ['8f4446da-a302-4b10-bf18-a5b6f8ac0ef4']}
{'category': ['instance property'], 'set': ['true'], 'name': ['contentsCenter'], 'isOpen': ['true'], 'class': ['CALayer'], 'isAtomic': ['true'], 'type': ['CGRect'], 'id': ['98d06bf4-b493-4310-aeed-d0a9086d17f7']}
{'category': ['instance property'], 'set': ['true'], 'name': ['contentsFormat'], 'isOpen': ['true'], 'class': ['CALayer'], 'isAtomic': ['true'], 'type': ['CALayerContentsFormat'], 'id': ['18b60045-1085-4af3-9460-d30c82e2736f']}
{'category': ['instance property'], 'set': ['true'], 'name': ['minificationFilter'], 'isOpen': ['true'], 'class': ['CALayer'], 'isAtomic': ['true'], 'type': ['CALayerContentsFilter'], 'id': ['d71145d6-345c-4c94-aee2-d37c1d6661c4']}
{'category': ['instance property'], 'set': ['true'], 'name': ['magnificationFilter'], 'isOpen': ['true'], 'class': ['CALayer'], 'isAtomic': ['true'], 'type': ['CALayerContentsFilter'], 'id': ['212ce505-19d4-45f7-bf21-dca2518900c7']}
{'category': ['instance property'], 'set': ['true'], 'name': ['minificationFilterBias'], 'isOpen': ['true'], 'class': ['CALayer'], 'isAtomic': ['true'], 'type': ['Float'], 'id': ['72320883-0a22-4fad-a045-ca8bdff7b98f']}
{'category': ['instance property'], 'set': ['true'], 'name': ['isOpaque'], 'isOpen': ['true'], 'class': ['CALayer'], 'isAtomic': ['true'], 'type': ['Bool'], 'id': ['7bcee68d-8507-410a-852d-f39dd0687f89']}
{'category': ['instance method'], 'isAtomic': ['true'], 'return': ['void'], 'name': ['display'], 'isOpen': ['true'], 'id': ['82d918ca-9410-402d-b892-fc932837195d'], 'parameters_num': ['0'], 'parameters': [''], 'class': ['CALayer']}
{'category': ['instance method'], 'isAtomic': ['true'], 'return': ['void'], 'name': ['setNeedsDisplay'], 'isOpen': ['true'], 'id': ['018e6fe7-12bc-4abb-84e7-889640947abe'], 'parameters_num': ['0'], 'parameters': [''], 'class': ['CALayer']}
{'category': ['instance method'], 'isAtomic': ['true'], 'return': ['void'], 'name': ['setNeedsDisplay'], 'isOpen': ['true'], 'parameters-0': ['_', 'r', 'CGRect', ['false'], '_', '_'], 'id': ['85169658-c49f-4137-ab02-5d7b4d2d3863'], 'parameters_num': ['1'], 'parameters': ['_ r: CGRect'], 'class': ['CALayer']}
{'category': ['instance method'], 'isAtomic': ['true'], 'return': ['Bool'], 'name': ['needsDisplay'], 'isOpen': ['true'], 'id': ['9d313931-0fa6-4609-ab7b-0f942c221c4d'], 'parameters_num': ['0'], 'parameters': [''], 'class': ['CALayer']}
{'category': ['instance method'], 'isAtomic': ['true'], 'return': ['void'], 'name': ['displayIfNeeded'], 'isOpen': ['true'], 'id': ['56abe784-9392-43e3-a02b-0229cb1e1712'], 'parameters_num': ['0'], 'parameters': [''], 'class': ['CALayer']}
{'category': ['instance property'], 'set': ['true'], 'name': ['needsDisplayOnBoundsChange'], 'isOpen': ['true'], 'class': ['CALayer'], 'isAtomic': ['true'], 'type': ['Bool'], 'id': ['621a9e04-d740-457f-8c6c-5af5d4cf3f20']}
{'category': ['instance property'], 'set': ['true'], 'name': ['drawsAsynchronously'], 'isOpen': ['true'], 'class': ['CALayer'], 'isAtomic': ['true'], 'type': ['Bool'], 'id': ['bbf04125-fe10-4a78-ad0d-ad38e8e88133']}
{'category': ['instance method'], 'isAtomic': ['true'], 'return': ['void'], 'name': ['draw'], 'isOpen': ['true'], 'parameters-0': ['in', 'ctx', 'CGContext', ['false'], '_', '_'], 'id': ['8964259c-0de5-4fd8-bb20-3814e11553a6'], 'parameters_num': ['1'], 'parameters': ['in ctx: CGContext'], 'class': ['CALayer']}
{'category': ['instance method'], 'isAtomic': ['true'], 'return': ['void'], 'name': ['render'], 'isOpen': ['true'], 'parameters-0': ['in', 'ctx', 'CGContext', ['false'], '_', '_'], 'id': ['60f67dab-e1f3-4596-bd63-1bcafef691bc'], 'parameters_num': ['1'], 'parameters': ['in ctx: CGContext'], 'class': ['CALayer']}
{'category': ['instance property'], 'set': ['true'], 'name': ['edgeAntialiasingMask'], 'isOpen': ['true'], 'class': ['CALayer'], 'isAtomic': ['true'], 'type': ['CAEdgeAntialiasingMask'], 'id': ['400b6ce9-b77f-423e-912a-cb87fab07314']}
{'category': ['instance property'], 'set': ['true'], 'name': ['allowsEdgeAntialiasing'], 'isOpen': ['true'], 'class': ['CALayer'], 'isAtomic': ['true'], 'type': ['Bool'], 'id': ['0f6d87fd-9cac-47d4-bcce-bd4883c38a6f']}
{'category': ['instance property'], 'set': ['true'], 'name': ['backgroundColor'], 'isOpen': ['true'], 'class': ['CALayer'], 'isAtomic': ['true'], 'type': ['CGColor?'], 'id': ['500743c9-f68e-4808-9f64-87661971e4bb']}
{'category': ['instance property'], 'set': ['true'], 'name': ['cornerRadius'], 'isOpen': ['true'], 'class': ['CALayer'], 'isAtomic': ['true'], 'type': ['CGFloat'], 'id': ['5ff4d73d-f134-4649-9229-7fc604295fe7']}
{'category': ['instance property'], 'set': ['true'], 'name': ['maskedCorners'], 'isOpen': ['true'], 'class': ['CALayer'], 'isAtomic': ['true'], 'type': ['CACornerMask'], 'id': ['1b67cd11-e65a-4cbb-98de-0ceff886e3af']}
{'category': ['instance property'], 'set': ['true'], 'name': ['cornerCurve'], 'isOpen': ['true'], 'class': ['CALayer'], 'isAtomic': ['true'], 'type': ['CALayerCornerCurve'], 'id': ['f4e33959-3404-408f-a3c4-5242eb694a60']}
{'category': ['type method'], 'isAtomic': ['true'], 'return': ['CGFloat'], 'name': ['cornerCurveExpansionFactor'], 'isOpen': ['true'], 'parameters-0': ['_', 'curve', 'CALayerCornerCurve', ['false'], '_', '_'], 'id': ['ba97c52b-7d4d-4a44-95a7-67462808db1d'], 'parameters_num': ['1'], 'parameters': ['_ curve: CALayerCornerCurve'], 'class': ['CALayer']}
{'category': ['instance property'], 'set': ['true'], 'name': ['borderWidth'], 'isOpen': ['true'], 'class': ['CALayer'], 'isAtomic': ['true'], 'type': ['CGFloat'], 'id': ['70907e8f-74fc-4414-9863-7b16823e7f9d']}
{'category': ['instance property'], 'set': ['true'], 'name': ['borderColor'], 'isOpen': ['true'], 'class': ['CALayer'], 'isAtomic': ['true'], 'type': ['CGColor?'], 'id': ['781f1aaa-340b-42fe-b043-a3238284f16f']}
{'category': ['instance property'], 'set': ['true'], 'name': ['opacity'], 'isOpen': ['true'], 'class': ['CALayer'], 'isAtomic': ['true'], 'type': ['Float'], 'id': ['89fb2a4d-3da6-4f3d-9597-c89199c308d7']}
{'category': ['instance property'], 'set': ['true'], 'name': ['allowsGroupOpacity'], 'isOpen': ['true'], 'class': ['CALayer'], 'isAtomic': ['true'], 'type': ['Bool'], 'id': ['6a5f625d-3abc-49cb-83ed-ca4391c424e7']}
{'category': ['instance property'], 'set': ['true'], 'name': ['compositingFilter'], 'isOpen': ['true'], 'class': ['CALayer'], 'isAtomic': ['true'], 'type': ['Any?'], 'id': ['4506a745-b7ea-4b92-be43-d4198a97538f']}
{'category': ['instance property'], 'set': ['true'], 'name': ['filters'], 'isOpen': ['true'], 'class': ['CALayer'], 'isAtomic': ['true'], 'type': ['[Any]?'], 'id': ['768ac44e-ba4b-4fda-b280-db0e2bc1c643']}
{'category': ['instance property'], 'set': ['true'], 'name': ['backgroundFilters'], 'isOpen': ['true'], 'class': ['CALayer'], 'isAtomic': ['true'], 'type': ['[Any]?'], 'id': ['7a55e94e-f541-46c5-a06f-8abbb314553c']}
{'category': ['instance property'], 'set': ['true'], 'name': ['shouldRasterize'], 'isOpen': ['true'], 'class': ['CALayer'], 'isAtomic': ['true'], 'type': ['Bool'], 'id': ['caf0419d-5585-4679-bccb-aa1b8944e858']}
{'category': ['instance property'], 'set': ['true'], 'name': ['rasterizationScale'], 'isOpen': ['true'], 'class': ['CALayer'], 'isAtomic': ['true'], 'type': ['CGFloat'], 'id': ['ef65fb35-06ab-40f3-acd5-dce93191f3db']}
{'category': ['instance property'], 'set': ['true'], 'name': ['shadowColor'], 'isOpen': ['true'], 'class': ['CALayer'], 'isAtomic': ['true'], 'type': ['CGColor?'], 'id': ['cf7b0cce-0f5a-4d83-af2f-b7c45ce3bf2b']}
{'category': ['instance property'], 'set': ['true'], 'name': ['shadowOpacity'], 'isOpen': ['true'], 'class': ['CALayer'], 'isAtomic': ['true'], 'type': ['Float'], 'id': ['bf5c8ea9-8303-4e89-8e5e-f5836e62307b']}
{'category': ['instance property'], 'set': ['true'], 'name': ['shadowOffset'], 'isOpen': ['true'], 'class': ['CALayer'], 'isAtomic': ['true'], 'type': ['CGSize'], 'id': ['f6383572-d078-4742-9a7d-83ae7cc56d2f']}
{'category': ['instance property'], 'set': ['true'], 'name': ['shadowRadius'], 'isOpen': ['true'], 'class': ['CALayer'], 'isAtomic': ['true'], 'type': ['CGFloat'], 'id': ['2c8e6442-42b2-46c5-b4f2-dca887acead4']}
{'category': ['instance property'], 'set': ['true'], 'name': ['shadowPath'], 'isOpen': ['true'], 'class': ['CALayer'], 'isAtomic': ['true'], 'type': ['CGPath?'], 'id': ['1c50e555-232e-4343-bd4a-0ba052f205fb']}
{'category': ['instance method'], 'isAtomic': ['true'], 'return': ['CGSize'], 'name': ['preferredFrameSize'], 'isOpen': ['true'], 'id': ['dfe0867c-2f7b-4ef7-9703-ff65228fce63'], 'parameters_num': ['0'], 'parameters': [''], 'class': ['CALayer']}
{'category': ['instance method'], 'isAtomic': ['true'], 'return': ['void'], 'name': ['setNeedsLayout'], 'isOpen': ['true'], 'id': ['9eb40e80-860b-4035-b4ff-c023111070b6'], 'parameters_num': ['0'], 'parameters': [''], 'class': ['CALayer']}
{'category': ['instance method'], 'isAtomic': ['true'], 'return': ['Bool'], 'name': ['needsLayout'], 'isOpen': ['true'], 'id': ['84fea5c5-5290-44a1-9ecd-ba3a310e1e2e'], 'parameters_num': ['0'], 'parameters': [''], 'class': ['CALayer']}
{'category': ['instance method'], 'isAtomic': ['true'], 'return': ['void'], 'name': ['layoutIfNeeded'], 'isOpen': ['true'], 'id': ['d8ad1cf0-a00e-4505-9ed6-77d72bab5349'], 'parameters_num': ['0'], 'parameters': [''], 'class': ['CALayer']}
{'category': ['instance method'], 'isAtomic': ['true'], 'return': ['void'], 'name': ['layoutSublayers'], 'isOpen': ['true'], 'id': ['2d784c45-67cb-4bde-86dc-504943e4b80b'], 'parameters_num': ['0'], 'parameters': [''], 'class': ['CALayer']}
{'category': ['type method'], 'isAtomic': ['true'], 'return': ['CAAction?'], 'name': ['defaultAction'], 'isOpen': ['true'], 'parameters-0': ['forKey', 'event', 'String', ['false'], '_', '_'], 'id': ['39df4bf6-31ad-49bc-aff3-37e71136cb93'], 'parameters_num': ['1'], 'parameters': ['forKey event: String'], 'class': ['CALayer']}
{'category': ['instance method'], 'isAtomic': ['true'], 'return': ['CAAction?'], 'name': ['action'], 'isOpen': ['true'], 'parameters-0': ['forKey', 'event', 'String', ['false'], '_', '_'], 'id': ['3149f7c0-81f3-4c61-a5cd-24ce316ad6db'], 'parameters_num': ['1'], 'parameters': ['forKey event: String'], 'class': ['CALayer']}
{'category': ['instance property'], 'set': ['true'], 'name': ['actions'], 'isOpen': ['true'], 'class': ['CALayer'], 'isAtomic': ['true'], 'type': ['[String'], 'id': ['3ffcd382-ef46-40d3-9684-ec5cdce34f5c']}
{'category': ['instance method'], 'isAtomic': ['true'], 'return': ['void'], 'name': ['add'], 'isOpen': ['true'], 'parameters-0': ['_', 'anim', 'CAAnimation', ['false'], '_', '_'], 'id': ['72dff0c9-eeb4-450e-88ca-3e6fac093404'], 'parameters-1': ['forKey', 'key', 'String', ['true'], '_', '_'], 'parameters_num': ['2'], 'parameters': ['_ anim: CAAnimation, forKey key: String?'], 'class': ['CALayer']}
{'category': ['instance method'], 'isAtomic': ['true'], 'return': ['void'], 'name': ['removeAllAnimations'], 'isOpen': ['true'], 'id': ['d4eb719b-c257-40e1-bfc3-865bc4a4259f'], 'parameters_num': ['0'], 'parameters': [''], 'class': ['CALayer']}
{'category': ['instance method'], 'isAtomic': ['true'], 'return': ['void'], 'name': ['removeAnimation'], 'isOpen': ['true'], 'parameters-0': ['forKey', 'key', 'String', ['false'], '_', '_'], 'id': ['37ce5e22-6338-4205-935c-4f7505413d24'], 'parameters_num': ['1'], 'parameters': ['forKey key: String'], 'class': ['CALayer']}
{'category': ['instance method'], 'isAtomic': ['true'], 'return': ['[String]?'], 'name': ['animationKeys'], 'isOpen': ['true'], 'id': ['4a73d6e9-5c18-4ebc-9df6-0e757f32cbe3'], 'parameters_num': ['0'], 'parameters': [''], 'class': ['CALayer']}
{'category': ['instance method'], 'isAtomic': ['true'], 'return': ['CAAnimation?'], 'name': ['animation'], 'isOpen': ['true'], 'parameters-0': ['forKey', 'key', 'String', ['false'], '_', '_'], 'id': ['48fa0ec1-89af-4a1c-90c1-9343b02af351'], 'parameters_num': ['1'], 'parameters': ['forKey key: String'], 'class': ['CALayer']}
{'category': ['instance property'], 'set': ['true'], 'name': ['name'], 'isOpen': ['true'], 'class': ['CALayer'], 'isAtomic': ['true'], 'type': ['String?'], 'id': ['b3246c54-925a-40fb-bfa7-99f0a37eee12']}
{'category': ['instance property'], 'set': ['true'], 'name': ['delegate'], 'isOpen': ['true'], 'class': ['CALayer'], 'isAtomic': ['true'], 'type': ['CALayerDelegate?'], 'id': ['425040f3-6c14-4e4f-888a-5cb2fd9c64a2']}
{'category': ['instance property'], 'set': ['true'], 'name': ['style'], 'isOpen': ['true'], 'class': ['CALayer'], 'isAtomic': ['true'], 'type': ['[AnyHashable'], 'id': ['8562b8d6-a1e2-4c0f-ad43-f802b2c4b66f']}
